<?xml version="1.0" encoding="UTF-8"?>
<!-- Generated by org.testng.reporters.JUnitXMLReporter -->
<testsuite ignored="0" hostname="Pooja-17125" failures="0" tests="3" name="Default test" time="0.092" errors="0" timestamp="13 Apr 2020 09:36:40 GMT">
  <testcase classname="PriorityDemo.TestNGPriorityDemo" name="Test3" time="0.033"/>
  <testcase classname="PriorityDemo.TestNGPriorityDemo" name="Test1" time="0.005"/>
  <testcase classname="PriorityDemo.TestNGPriorityDemo" name="Test2" time="0.005"/>
</testsuite> <!-- Default test -->
